<?xml version="1.0" encoding="UTF-8"?>
<!-- Generated by org.testng.reporters.JUnitReportReporter -->
<testsuite hostname="Shwetha-PC" failures="0" tests="4" name="com.qa.test.DemoTest" time="0.020" errors="0" timestamp="8 Jun 2018 13:16:05 GMT">
  <testcase classname="com.qa.test.DemoTest" name="sub" time="0.000"/>
  <testcase classname="com.qa.test.DemoTest" name="sum" time="0.000"/>
  <testcase classname="com.qa.test.DemoTest" name="div" time="0.019"/>
  <testcase classname="com.qa.test.DemoTest" name="mul" time="0.001"/>
</testsuite> <!-- com.qa.test.DemoTest -->
